\BOOKMARK [1][-]{section*.1}{\376\377\000R\000e\000a\000d\000i\000n\000g\000\040\000D\000a\000t\000a}{}% 1
\BOOKMARK [1][-]{section*.2}{\376\377\000D\000i\000v\000i\000d\000i\000n\000g\000\040\000b\000y\000\040\000p\000r\000o\000d\000u\000c\000t\000s}{}% 2
\BOOKMARK [1][-]{section*.3}{\376\377\000G\000e\000n\000e\000r\000a\000t\000i\000n\000g\000\040\000T\000r\000a\000i\000n\000i\000n\000g\000\040\000a\000n\000d\000\040\000T\000e\000s\000t\000i\000n\000g\000\040\000d\000a\000t\000a}{}% 3
\BOOKMARK [1][-]{section*.4}{\376\377\000A\000u\000t\000o\000-\000A\000R\000I\000M\000A}{}% 4
\BOOKMARK [1][-]{section*.5}{\376\377\000N\000e\000u\000r\000a\000l\000\040\000N\000e\000t\000w\000o\000r\000k\000\040\000A\000u\000t\000o\000r\000e\000g\000r\000e\000s\000s\000i\000o\000n}{}% 5
\BOOKMARK [1][-]{section*.6}{\376\377\000H\000y\000b\000r\000i\000d\000\040\000M\000o\000d\000e\000l}{}% 6
\BOOKMARK [1][-]{section*.7}{\376\377\000M\000u\000l\000t\000i\000l\000a\000y\000e\000r\000\040\000P\000e\000r\000c\000e\000p\000t\000r\000o\000n\000\040\000M\000o\000d\000e\000l}{}% 7
\BOOKMARK [1][-]{section*.8}{\376\377\000E\000x\000p\000o\000n\000e\000n\000t\000i\000a\000l\000\040\000S\000m\000o\000o\000t\000h\000i\000n\000g}{}% 8
\BOOKMARK [1][-]{section*.9}{\376\377\000S\000i\000m\000p\000l\000e\000\040\000M\000o\000v\000i\000n\000g\000\040\000A\000v\000e\000r\000a\000g\000e}{}% 9
\BOOKMARK [1][-]{section*.10}{\376\377\000P\000o\000l\000i\000n\000o\000m\000i\000a\000l\000\040\000R\000e\000g\000r\000e\000s\000s\000i\000o\000n}{}% 10
\BOOKMARK [1][-]{section*.11}{\376\377\000E\000r\000r\000o\000r\000\040\000d\000t\000a\000f\000r\000a\000m\000e\000\040\000g\000e\000n\000e\000r\000a\000t\000i\000o\000n}{}% 11
\BOOKMARK [1][-]{section*.12}{\376\377\000C\000h\000e\000w\000i\000n\000g\000\040\000T\000o\000b\000a\000c\000c\000o\000\040\000i\000n\000\040\000P\000o\000u\000n\000d\000s\000\040\000f\000o\000r\000e\000c\000a\000s\000t}{}% 12
\BOOKMARK [1][-]{section*.13}{\376\377\000C\000i\000g\000a\000r\000r\000a\000t\000e\000s\000\040\000R\000e\000m\000o\000v\000a\000l\000\040\000i\000n\000\040\000C\000i\000g\000a\000r\000r\000a\000t\000e\000s\000\040\000f\000o\000r\000e\000c\000a\000s\000t}{}% 13
\BOOKMARK [1][-]{section*.14}{\376\377\000T\000o\000t\000a\000l\000\040\000C\000i\000g\000a\000r\000s\000\040\000i\000n\000\040\000C\000i\000g\000a\000r\000s\000\040\000F\000o\000r\000e\000c\000a\000s\000t}{}% 14
\BOOKMARK [1][-]{section*.15}{\376\377\000T\000o\000t\000a\000l\000\040\000l\000o\000o\000s\000e\000\040\000T\000o\000b\000a\000c\000c\000o\000\040\000i\000n\000\040\000C\000i\000g\000a\000r\000r\000a\000t\000e\000s\000\040\000e\000q\000u\000i\000v\000a\000l\000e\000n\000t\000\040\000f\000o\000r\000e\000c\000a\000s\000t}{}% 15
\BOOKMARK [1][-]{section*.16}{\376\377\000S\000m\000a\000l\000l\000\040\000C\000i\000g\000a\000r\000s\000\040\000i\000n\000\040\000C\000i\000g\000a\000r\000s\000\040\000f\000o\000r\000e\000c\000a\000s\000t}{}% 16
\BOOKMARK [1][-]{section*.17}{\376\377\000P\000i\000p\000p\000e\000\040\000T\000o\000b\000a\000c\000c\000o\000\040\000i\000n\000\040\000P\000o\000u\000n\000d\000s\000\040\000f\000o\000r\000e\000c\000a\000s\000t}{}% 17
\BOOKMARK [1][-]{section*.18}{\376\377\000R\000o\000l\000l\000-\000y\000o\000u\000r\000-\000o\000w\000n\000\040\000T\000o\000b\000a\000c\000c\000o\000\040\000i\000n\000\040\000c\000i\000g\000a\000r\000r\000a\000t\000e\000\040\000e\000q\000u\000i\000v\000a\000l\000e\000n\000t\000s\000\040\000f\000o\000r\000e\000c\000a\000s\000t}{}% 18
\BOOKMARK [1][-]{section*.19}{\376\377\000L\000a\000r\000g\000e\000\040\000C\000i\000g\000a\000r\000s\000\040\000i\000n\000\040\000C\000i\000g\000a\000r\000s\000\040\000f\000o\000r\000e\000c\000a\000s\000t}{}% 19
\BOOKMARK [1][-]{section*.20}{\376\377\000S\000n\000u\000f\000f\000\040\000i\000n\000\040\000P\000o\000u\000n\000d\000s\000\040\000f\000o\000r\000e\000c\000a\000s\000t}{}% 20
\BOOKMARK [1][-]{section*.21}{\376\377\000P\000i\000p\000e\000\040\000T\000o\000b\000a\000c\000c\000o\000\040\000i\000n\000\040\000c\000i\000g\000a\000r\000r\000a\000t\000t\000e\000\040\000e\000q\000u\000i\000v\000a\000l\000e\000n\000t\000s\000\040\000f\000o\000r\000e\000c\000a\000s\000t}{}% 21
\BOOKMARK [1][-]{section*.22}{\376\377\000T\000o\000t\000a\000l\000s\000\040\000b\000y\000\040\000m\000o\000d\000e\000l}{}% 22
